[{"line":2,"elements":[{"line":4,"name":"user_goes_to_google","description":"","type":"background","keyword":"Background","steps":[{"result":{"error_message":"org.openqa.selenium.SessionNotCreatedException: Could not start a new session. Response code 500. Message: session not created: This version of ChromeDriver only supports Chrome version 114\nCurrent browser version is 120.0.6099.71 with binary path C:\\Program Files\\Google\\Chrome\\Application\\chrome.exe \nHost info: host: 'BEKIRS_ASUS', ip: '192.168.1.154'\nBuild info: version: '4.10.0', revision: 'c14d967899'\nSystem info: os.name: 'Windows 11', os.arch: 'amd64', os.version: '10.0', java.version: '11.0.17'\nDriver info: org.openqa.selenium.chrome.ChromeDriver\nCommand: [null, newSession {capabilities=[Capabilities {browserName: chrome, goog:chromeOptions: {args: [--remote-allow-origins=*], extensions: []}}]}]\r\n\tat org.openqa.selenium.remote.ProtocolHandshake.createSession(ProtocolHandshake.java:140)\r\n\tat org.openqa.selenium.remote.ProtocolHandshake.createSession(ProtocolHandshake.java:96)\r\n\tat org.openqa.selenium.remote.ProtocolHandshake.createSession(ProtocolHandshake.java:68)\r\n\tat org.openqa.selenium.remote.HttpCommandExecutor.execute(HttpCommandExecutor.java:163)\r\n\tat org.openqa.selenium.remote.service.DriverCommandExecutor.invokeExecute(DriverCommandExecutor.java:196)\r\n\tat org.openqa.selenium.remote.service.DriverCommandExecutor.execute(DriverCommandExecutor.java:171)\r\n\tat org.openqa.selenium.remote.RemoteWebDriver.execute(RemoteWebDriver.java:531)\r\n\tat org.openqa.selenium.remote.RemoteWebDriver.startSession(RemoteWebDriver.java:227)\r\n\tat org.openqa.selenium.remote.RemoteWebDriver.<init>(RemoteWebDriver.java:154)\r\n\tat org.openqa.selenium.chromium.ChromiumDriver.<init>(ChromiumDriver.java:107)\r\n\tat org.openqa.selenium.chrome.ChromeDriver.<init>(ChromeDriver.java:87)\r\n\tat org.openqa.selenium.chrome.ChromeDriver.<init>(ChromeDriver.java:82)\r\n\tat org.openqa.selenium.chrome.ChromeDriver.<init>(ChromeDriver.java:50)\r\n\tat utilities.Driver.getDriver(Driver.java:39)\r\n\tat stepdefinitions.CommonStepDefs.user_navigates_to(CommonStepDefs.java:22)\r\n\tat ✽.user navigates to \"https://www.google.com\"(file:///C:/Users/dzhey/IdeaProjects/mycucumberproject/./src/test/resources/features/day27_parameterizing_with_double_quote.feature:5)\r\n","duration":10969913300,"status":"failed"},"line":5,"name":"user navigates to \"https://www.google.com\"","match":{"arguments":[{"val":"\"https://www.google.com\"","offset":18}],"location":"stepdefinitions.CommonStepDefs.user_navigates_to(java.lang.String)"},"keyword":"Given "}]},{"start_timestamp":"2023-12-08T10:30:27.408Z","before":[{"result":{"duration":2979700,"status":"passed"},"match":{"location":"hooks.Hooks.setUpScenario()"}}],"line":7,"name":"TC01_iphone_search","description":"","id":"search-feature;tc01-iphone-search","after":[{"result":{"error_message":"org.openqa.selenium.SessionNotCreatedException: Could not start a new session. Response code 500. Message: session not created: This version of ChromeDriver only supports Chrome version 114\nCurrent browser version is 120.0.6099.71 with binary path C:\\Program Files\\Google\\Chrome\\Application\\chrome.exe \nHost info: host: 'BEKIRS_ASUS', ip: '192.168.1.154'\nBuild info: version: '4.10.0', revision: 'c14d967899'\nSystem info: os.name: 'Windows 11', os.arch: 'amd64', os.version: '10.0', java.version: '11.0.17'\nDriver info: org.openqa.selenium.chrome.ChromeDriver\nCommand: [null, newSession {capabilities=[Capabilities {browserName: chrome, goog:chromeOptions: {args: [--remote-allow-origins=*], extensions: []}}]}]\r\n\tat org.openqa.selenium.remote.ProtocolHandshake.createSession(ProtocolHandshake.java:140)\r\n\tat org.openqa.selenium.remote.ProtocolHandshake.createSession(ProtocolHandshake.java:96)\r\n\tat org.openqa.selenium.remote.ProtocolHandshake.createSession(ProtocolHandshake.java:68)\r\n\tat org.openqa.selenium.remote.HttpCommandExecutor.execute(HttpCommandExecutor.java:163)\r\n\tat org.openqa.selenium.remote.service.DriverCommandExecutor.invokeExecute(DriverCommandExecutor.java:196)\r\n\tat org.openqa.selenium.remote.service.DriverCommandExecutor.execute(DriverCommandExecutor.java:171)\r\n\tat org.openqa.selenium.remote.RemoteWebDriver.execute(RemoteWebDriver.java:531)\r\n\tat org.openqa.selenium.remote.RemoteWebDriver.startSession(RemoteWebDriver.java:227)\r\n\tat org.openqa.selenium.remote.RemoteWebDriver.<init>(RemoteWebDriver.java:154)\r\n\tat org.openqa.selenium.chromium.ChromiumDriver.<init>(ChromiumDriver.java:107)\r\n\tat org.openqa.selenium.chrome.ChromeDriver.<init>(ChromeDriver.java:87)\r\n\tat org.openqa.selenium.chrome.ChromeDriver.<init>(ChromeDriver.java:82)\r\n\tat org.openqa.selenium.chrome.ChromeDriver.<init>(ChromeDriver.java:50)\r\n\tat utilities.Driver.getDriver(Driver.java:39)\r\n\tat hooks.Hooks.tearDown(Hooks.java:22)\r\n","duration":4924922100,"status":"failed"},"match":{"location":"hooks.Hooks.tearDown(io.cucumber.java.Scenario)"}}],"type":"scenario","keyword":"Scenario","steps":[{"result":{"duration":2997200,"status":"skipped"},"line":8,"name":"user search for \"iPhone\"","match":{"arguments":[{"val":"\"iPhone\"","offset":16}],"location":"stepdefinitions.GoogleStepDefs.user_search_for(java.lang.String)"},"keyword":"And "},{"result":{"duration":2003200,"status":"skipped"},"line":9,"name":"verify the page title contains \"iPhone\"","match":{"arguments":[{"val":"\"iPhone\"","offset":31}],"location":"stepdefinitions.CommonStepDefs.verify_the_page_title_contains(java.lang.String)"},"keyword":"Then "},{"result":{"duration":1001100,"status":"skipped"},"line":10,"name":"close the application","match":{"location":"stepdefinitions.CommonStepDefs.close_the_application()"},"keyword":"Then "}],"tags":[{"name":"@parameterizing1"},{"name":"@test_runner"}]},{"line":4,"name":"user_goes_to_google","description":"","type":"background","keyword":"Background","steps":[{"result":{"error_message":"org.openqa.selenium.SessionNotCreatedException: Could not start a new session. Response code 500. Message: session not created: This version of ChromeDriver only supports Chrome version 114\nCurrent browser version is 120.0.6099.71 with binary path C:\\Program Files\\Google\\Chrome\\Application\\chrome.exe \nHost info: host: 'BEKIRS_ASUS', ip: '192.168.1.154'\nBuild info: version: '4.10.0', revision: 'c14d967899'\nSystem info: os.name: 'Windows 11', os.arch: 'amd64', os.version: '10.0', java.version: '11.0.17'\nDriver info: org.openqa.selenium.chrome.ChromeDriver\nCommand: [null, newSession {capabilities=[Capabilities {browserName: chrome, goog:chromeOptions: {args: [--remote-allow-origins=*], extensions: []}}]}]\r\n\tat org.openqa.selenium.remote.ProtocolHandshake.createSession(ProtocolHandshake.java:140)\r\n\tat org.openqa.selenium.remote.ProtocolHandshake.createSession(ProtocolHandshake.java:96)\r\n\tat org.openqa.selenium.remote.ProtocolHandshake.createSession(ProtocolHandshake.java:68)\r\n\tat org.openqa.selenium.remote.HttpCommandExecutor.execute(HttpCommandExecutor.java:163)\r\n\tat org.openqa.selenium.remote.service.DriverCommandExecutor.invokeExecute(DriverCommandExecutor.java:196)\r\n\tat org.openqa.selenium.remote.service.DriverCommandExecutor.execute(DriverCommandExecutor.java:171)\r\n\tat org.openqa.selenium.remote.RemoteWebDriver.execute(RemoteWebDriver.java:531)\r\n\tat org.openqa.selenium.remote.RemoteWebDriver.startSession(RemoteWebDriver.java:227)\r\n\tat org.openqa.selenium.remote.RemoteWebDriver.<init>(RemoteWebDriver.java:154)\r\n\tat org.openqa.selenium.chromium.ChromiumDriver.<init>(ChromiumDriver.java:107)\r\n\tat org.openqa.selenium.chrome.ChromeDriver.<init>(ChromeDriver.java:87)\r\n\tat org.openqa.selenium.chrome.ChromeDriver.<init>(ChromeDriver.java:82)\r\n\tat org.openqa.selenium.chrome.ChromeDriver.<init>(ChromeDriver.java:50)\r\n\tat utilities.Driver.getDriver(Driver.java:39)\r\n\tat stepdefinitions.CommonStepDefs.user_navigates_to(CommonStepDefs.java:22)\r\n\tat ✽.user navigates to \"https://www.google.com\"(file:///C:/Users/dzhey/IdeaProjects/mycucumberproject/./src/test/resources/features/day27_parameterizing_with_double_quote.feature:5)\r\n","duration":4798177100,"status":"failed"},"line":5,"name":"user navigates to \"https://www.google.com\"","match":{"arguments":[{"val":"\"https://www.google.com\"","offset":18}],"location":"stepdefinitions.CommonStepDefs.user_navigates_to(java.lang.String)"},"keyword":"Given "}]},{"start_timestamp":"2023-12-08T10:30:43.773Z","before":[{"result":{"duration":7281000,"status":"passed"},"match":{"location":"hooks.Hooks.setUpScenario()"}}],"line":14,"name":"TC02_tesla_search","description":"","id":"search-feature;tc02-tesla-search","after":[{"result":{"error_message":"org.openqa.selenium.SessionNotCreatedException: Could not start a new session. Response code 500. Message: session not created: This version of ChromeDriver only supports Chrome version 114\nCurrent browser version is 120.0.6099.71 with binary path C:\\Program Files\\Google\\Chrome\\Application\\chrome.exe \nHost info: host: 'BEKIRS_ASUS', ip: '192.168.1.154'\nBuild info: version: '4.10.0', revision: 'c14d967899'\nSystem info: os.name: 'Windows 11', os.arch: 'amd64', os.version: '10.0', java.version: '11.0.17'\nDriver info: org.openqa.selenium.chrome.ChromeDriver\nCommand: [null, newSession {capabilities=[Capabilities {browserName: chrome, goog:chromeOptions: {args: [--remote-allow-origins=*], extensions: []}}]}]\r\n\tat org.openqa.selenium.remote.ProtocolHandshake.createSession(ProtocolHandshake.java:140)\r\n\tat org.openqa.selenium.remote.ProtocolHandshake.createSession(ProtocolHandshake.java:96)\r\n\tat org.openqa.selenium.remote.ProtocolHandshake.createSession(ProtocolHandshake.java:68)\r\n\tat org.openqa.selenium.remote.HttpCommandExecutor.execute(HttpCommandExecutor.java:163)\r\n\tat org.openqa.selenium.remote.service.DriverCommandExecutor.invokeExecute(DriverCommandExecutor.java:196)\r\n\tat org.openqa.selenium.remote.service.DriverCommandExecutor.execute(DriverCommandExecutor.java:171)\r\n\tat org.openqa.selenium.remote.RemoteWebDriver.execute(RemoteWebDriver.java:531)\r\n\tat org.openqa.selenium.remote.RemoteWebDriver.startSession(RemoteWebDriver.java:227)\r\n\tat org.openqa.selenium.remote.RemoteWebDriver.<init>(RemoteWebDriver.java:154)\r\n\tat org.openqa.selenium.chromium.ChromiumDriver.<init>(ChromiumDriver.java:107)\r\n\tat org.openqa.selenium.chrome.ChromeDriver.<init>(ChromeDriver.java:87)\r\n\tat org.openqa.selenium.chrome.ChromeDriver.<init>(ChromeDriver.java:82)\r\n\tat org.openqa.selenium.chrome.ChromeDriver.<init>(ChromeDriver.java:50)\r\n\tat utilities.Driver.getDriver(Driver.java:39)\r\n\tat hooks.Hooks.tearDown(Hooks.java:22)\r\n","duration":4340205100,"status":"failed"},"match":{"location":"hooks.Hooks.tearDown(io.cucumber.java.Scenario)"}}],"type":"scenario","keyword":"Scenario","steps":[{"result":{"duration":2015700,"status":"skipped"},"line":15,"name":"user search for \"tesla\"","match":{"arguments":[{"val":"\"tesla\"","offset":16}],"location":"stepdefinitions.GoogleStepDefs.user_search_for(java.lang.String)"},"keyword":"And "},{"result":{"duration":2368500,"status":"skipped"},"line":16,"name":"verify the page title contains \"tesla\"","match":{"arguments":[{"val":"\"tesla\"","offset":31}],"location":"stepdefinitions.CommonStepDefs.verify_the_page_title_contains(java.lang.String)"},"keyword":"Then "},{"result":{"duration":5017100,"status":"skipped"},"line":17,"name":"close the application","match":{"location":"stepdefinitions.CommonStepDefs.close_the_application()"},"keyword":"Then "}],"tags":[{"name":"@parameterizing1"},{"name":"@test_runner"}]},{"line":4,"name":"user_goes_to_google","description":"","type":"background","keyword":"Background","steps":[{"result":{"error_message":"org.openqa.selenium.SessionNotCreatedException: Could not start a new session. Response code 500. Message: session not created: This version of ChromeDriver only supports Chrome version 114\nCurrent browser version is 120.0.6099.71 with binary path C:\\Program Files\\Google\\Chrome\\Application\\chrome.exe \nHost info: host: 'BEKIRS_ASUS', ip: '192.168.1.154'\nBuild info: version: '4.10.0', revision: 'c14d967899'\nSystem info: os.name: 'Windows 11', os.arch: 'amd64', os.version: '10.0', java.version: '11.0.17'\nDriver info: org.openqa.selenium.chrome.ChromeDriver\nCommand: [null, newSession {capabilities=[Capabilities {browserName: chrome, goog:chromeOptions: {args: [--remote-allow-origins=*], extensions: []}}]}]\r\n\tat org.openqa.selenium.remote.ProtocolHandshake.createSession(ProtocolHandshake.java:140)\r\n\tat org.openqa.selenium.remote.ProtocolHandshake.createSession(ProtocolHandshake.java:96)\r\n\tat org.openqa.selenium.remote.ProtocolHandshake.createSession(ProtocolHandshake.java:68)\r\n\tat org.openqa.selenium.remote.HttpCommandExecutor.execute(HttpCommandExecutor.java:163)\r\n\tat org.openqa.selenium.remote.service.DriverCommandExecutor.invokeExecute(DriverCommandExecutor.java:196)\r\n\tat org.openqa.selenium.remote.service.DriverCommandExecutor.execute(DriverCommandExecutor.java:171)\r\n\tat org.openqa.selenium.remote.RemoteWebDriver.execute(RemoteWebDriver.java:531)\r\n\tat org.openqa.selenium.remote.RemoteWebDriver.startSession(RemoteWebDriver.java:227)\r\n\tat org.openqa.selenium.remote.RemoteWebDriver.<init>(RemoteWebDriver.java:154)\r\n\tat org.openqa.selenium.chromium.ChromiumDriver.<init>(ChromiumDriver.java:107)\r\n\tat org.openqa.selenium.chrome.ChromeDriver.<init>(ChromeDriver.java:87)\r\n\tat org.openqa.selenium.chrome.ChromeDriver.<init>(ChromeDriver.java:82)\r\n\tat org.openqa.selenium.chrome.ChromeDriver.<init>(ChromeDriver.java:50)\r\n\tat utilities.Driver.getDriver(Driver.java:39)\r\n\tat stepdefinitions.CommonStepDefs.user_navigates_to(CommonStepDefs.java:22)\r\n\tat ✽.user navigates to \"https://www.google.com\"(file:///C:/Users/dzhey/IdeaProjects/mycucumberproject/./src/test/resources/features/day27_parameterizing_with_double_quote.feature:5)\r\n","duration":4458813900,"status":"failed"},"line":5,"name":"user navigates to \"https://www.google.com\"","match":{"arguments":[{"val":"\"https://www.google.com\"","offset":18}],"location":"stepdefinitions.CommonStepDefs.user_navigates_to(java.lang.String)"},"keyword":"Given "}]},{"start_timestamp":"2023-12-08T10:30:53.097Z","before":[{"result":{"duration":1962200,"status":"passed"},"match":{"location":"hooks.Hooks.setUpScenario()"}}],"line":19,"name":"TC03_bmw_search","description":"","id":"search-feature;tc03-bmw-search","after":[{"result":{"error_message":"org.openqa.selenium.SessionNotCreatedException: Could not start a new session. Response code 500. Message: session not created: This version of ChromeDriver only supports Chrome version 114\nCurrent browser version is 120.0.6099.71 with binary path C:\\Program Files\\Google\\Chrome\\Application\\chrome.exe \nHost info: host: 'BEKIRS_ASUS', ip: '192.168.1.154'\nBuild info: version: '4.10.0', revision: 'c14d967899'\nSystem info: os.name: 'Windows 11', os.arch: 'amd64', os.version: '10.0', java.version: '11.0.17'\nDriver info: org.openqa.selenium.chrome.ChromeDriver\nCommand: [null, newSession {capabilities=[Capabilities {browserName: chrome, goog:chromeOptions: {args: [--remote-allow-origins=*], extensions: []}}]}]\r\n\tat org.openqa.selenium.remote.ProtocolHandshake.createSession(ProtocolHandshake.java:140)\r\n\tat org.openqa.selenium.remote.ProtocolHandshake.createSession(ProtocolHandshake.java:96)\r\n\tat org.openqa.selenium.remote.ProtocolHandshake.createSession(ProtocolHandshake.java:68)\r\n\tat org.openqa.selenium.remote.HttpCommandExecutor.execute(HttpCommandExecutor.java:163)\r\n\tat org.openqa.selenium.remote.service.DriverCommandExecutor.invokeExecute(DriverCommandExecutor.java:196)\r\n\tat org.openqa.selenium.remote.service.DriverCommandExecutor.execute(DriverCommandExecutor.java:171)\r\n\tat org.openqa.selenium.remote.RemoteWebDriver.execute(RemoteWebDriver.java:531)\r\n\tat org.openqa.selenium.remote.RemoteWebDriver.startSession(RemoteWebDriver.java:227)\r\n\tat org.openqa.selenium.remote.RemoteWebDriver.<init>(RemoteWebDriver.java:154)\r\n\tat org.openqa.selenium.chromium.ChromiumDriver.<init>(ChromiumDriver.java:107)\r\n\tat org.openqa.selenium.chrome.ChromeDriver.<init>(ChromeDriver.java:87)\r\n\tat org.openqa.selenium.chrome.ChromeDriver.<init>(ChromeDriver.java:82)\r\n\tat org.openqa.selenium.chrome.ChromeDriver.<init>(ChromeDriver.java:50)\r\n\tat utilities.Driver.getDriver(Driver.java:39)\r\n\tat hooks.Hooks.tearDown(Hooks.java:22)\r\n","duration":4696352300,"status":"failed"},"match":{"location":"hooks.Hooks.tearDown(io.cucumber.java.Scenario)"}}],"type":"scenario","keyword":"Scenario","steps":[{"result":{"duration":991100,"status":"skipped"},"line":20,"name":"user search for \"bmw\"","match":{"arguments":[{"val":"\"bmw\"","offset":16}],"location":"stepdefinitions.GoogleStepDefs.user_search_for(java.lang.String)"},"keyword":"And "},{"result":{"status":"skipped"},"line":21,"name":"verify the page title contains \"bmw\"","match":{"arguments":[{"val":"\"bmw\"","offset":31}],"location":"stepdefinitions.CommonStepDefs.verify_the_page_title_contains(java.lang.String)"},"keyword":"Then "},{"result":{"duration":2998100,"status":"skipped"},"line":22,"name":"close the application","match":{"location":"stepdefinitions.CommonStepDefs.close_the_application()"},"keyword":"Then "}],"tags":[{"name":"@parameterizing1"},{"name":"@test_runner"}]},{"line":4,"name":"user_goes_to_google","description":"","type":"background","keyword":"Background","steps":[{"result":{"error_message":"org.openqa.selenium.SessionNotCreatedException: Could not start a new session. Response code 500. Message: session not created: This version of ChromeDriver only supports Chrome version 114\nCurrent browser version is 120.0.6099.71 with binary path C:\\Program Files\\Google\\Chrome\\Application\\chrome.exe \nHost info: host: 'BEKIRS_ASUS', ip: '192.168.1.154'\nBuild info: version: '4.10.0', revision: 'c14d967899'\nSystem info: os.name: 'Windows 11', os.arch: 'amd64', os.version: '10.0', java.version: '11.0.17'\nDriver info: org.openqa.selenium.chrome.ChromeDriver\nCommand: [null, newSession {capabilities=[Capabilities {browserName: chrome, goog:chromeOptions: {args: [--remote-allow-origins=*], extensions: []}}]}]\r\n\tat org.openqa.selenium.remote.ProtocolHandshake.createSession(ProtocolHandshake.java:140)\r\n\tat org.openqa.selenium.remote.ProtocolHandshake.createSession(ProtocolHandshake.java:96)\r\n\tat org.openqa.selenium.remote.ProtocolHandshake.createSession(ProtocolHandshake.java:68)\r\n\tat org.openqa.selenium.remote.HttpCommandExecutor.execute(HttpCommandExecutor.java:163)\r\n\tat org.openqa.selenium.remote.service.DriverCommandExecutor.invokeExecute(DriverCommandExecutor.java:196)\r\n\tat org.openqa.selenium.remote.service.DriverCommandExecutor.execute(DriverCommandExecutor.java:171)\r\n\tat org.openqa.selenium.remote.RemoteWebDriver.execute(RemoteWebDriver.java:531)\r\n\tat org.openqa.selenium.remote.RemoteWebDriver.startSession(RemoteWebDriver.java:227)\r\n\tat org.openqa.selenium.remote.RemoteWebDriver.<init>(RemoteWebDriver.java:154)\r\n\tat org.openqa.selenium.chromium.ChromiumDriver.<init>(ChromiumDriver.java:107)\r\n\tat org.openqa.selenium.chrome.ChromeDriver.<init>(ChromeDriver.java:87)\r\n\tat org.openqa.selenium.chrome.ChromeDriver.<init>(ChromeDriver.java:82)\r\n\tat org.openqa.selenium.chrome.ChromeDriver.<init>(ChromeDriver.java:50)\r\n\tat utilities.Driver.getDriver(Driver.java:39)\r\n\tat stepdefinitions.CommonStepDefs.user_navigates_to(CommonStepDefs.java:22)\r\n\tat ✽.user navigates to \"https://www.google.com\"(file:///C:/Users/dzhey/IdeaProjects/mycucumberproject/./src/test/resources/features/day27_parameterizing_with_double_quote.feature:5)\r\n","duration":4651321600,"status":"failed"},"line":5,"name":"user navigates to \"https://www.google.com\"","match":{"arguments":[{"val":"\"https://www.google.com\"","offset":18}],"location":"stepdefinitions.CommonStepDefs.user_navigates_to(java.lang.String)"},"keyword":"Given "}]},{"start_timestamp":"2023-12-08T10:31:02.315Z","before":[{"result":{"duration":8612500,"status":"passed"},"match":{"location":"hooks.Hooks.setUpScenario()"}}],"line":24,"name":"TC04_apple_search","description":"","id":"search-feature;tc04-apple-search","after":[{"result":{"error_message":"org.openqa.selenium.SessionNotCreatedException: Could not start a new session. Response code 500. Message: session not created: This version of ChromeDriver only supports Chrome version 114\nCurrent browser version is 120.0.6099.71 with binary path C:\\Program Files\\Google\\Chrome\\Application\\chrome.exe \nHost info: host: 'BEKIRS_ASUS', ip: '192.168.1.154'\nBuild info: version: '4.10.0', revision: 'c14d967899'\nSystem info: os.name: 'Windows 11', os.arch: 'amd64', os.version: '10.0', java.version: '11.0.17'\nDriver info: org.openqa.selenium.chrome.ChromeDriver\nCommand: [null, newSession {capabilities=[Capabilities {browserName: chrome, goog:chromeOptions: {args: [--remote-allow-origins=*], extensions: []}}]}]\r\n\tat org.openqa.selenium.remote.ProtocolHandshake.createSession(ProtocolHandshake.java:140)\r\n\tat org.openqa.selenium.remote.ProtocolHandshake.createSession(ProtocolHandshake.java:96)\r\n\tat org.openqa.selenium.remote.ProtocolHandshake.createSession(ProtocolHandshake.java:68)\r\n\tat org.openqa.selenium.remote.HttpCommandExecutor.execute(HttpCommandExecutor.java:163)\r\n\tat org.openqa.selenium.remote.service.DriverCommandExecutor.invokeExecute(DriverCommandExecutor.java:196)\r\n\tat org.openqa.selenium.remote.service.DriverCommandExecutor.execute(DriverCommandExecutor.java:171)\r\n\tat org.openqa.selenium.remote.RemoteWebDriver.execute(RemoteWebDriver.java:531)\r\n\tat org.openqa.selenium.remote.RemoteWebDriver.startSession(RemoteWebDriver.java:227)\r\n\tat org.openqa.selenium.remote.RemoteWebDriver.<init>(RemoteWebDriver.java:154)\r\n\tat org.openqa.selenium.chromium.ChromiumDriver.<init>(ChromiumDriver.java:107)\r\n\tat org.openqa.selenium.chrome.ChromeDriver.<init>(ChromeDriver.java:87)\r\n\tat org.openqa.selenium.chrome.ChromeDriver.<init>(ChromeDriver.java:82)\r\n\tat org.openqa.selenium.chrome.ChromeDriver.<init>(ChromeDriver.java:50)\r\n\tat utilities.Driver.getDriver(Driver.java:39)\r\n\tat hooks.Hooks.tearDown(Hooks.java:22)\r\n","duration":4392120500,"status":"failed"},"match":{"location":"hooks.Hooks.tearDown(io.cucumber.java.Scenario)"}}],"type":"scenario","keyword":"Scenario","steps":[{"result":{"status":"skipped"},"line":25,"name":"user search for \"apple\"","match":{"arguments":[{"val":"\"apple\"","offset":16}],"location":"stepdefinitions.GoogleStepDefs.user_search_for(java.lang.String)"},"keyword":"And "},{"result":{"duration":1281800,"status":"skipped"},"line":26,"name":"verify the page title contains \"apple\"","match":{"arguments":[{"val":"\"apple\"","offset":31}],"location":"stepdefinitions.CommonStepDefs.verify_the_page_title_contains(java.lang.String)"},"keyword":"Then "},{"result":{"duration":1012400,"status":"skipped"},"line":27,"name":"close the application","match":{"location":"stepdefinitions.CommonStepDefs.close_the_application()"},"keyword":"Then "}],"tags":[{"name":"@parameterizing1"},{"name":"@test_runner"}]},{"line":4,"name":"user_goes_to_google","description":"","type":"background","keyword":"Background","steps":[{"result":{"error_message":"org.openqa.selenium.SessionNotCreatedException: Could not start a new session. Response code 500. Message: session not created: This version of ChromeDriver only supports Chrome version 114\nCurrent browser version is 120.0.6099.71 with binary path C:\\Program Files\\Google\\Chrome\\Application\\chrome.exe \nHost info: host: 'BEKIRS_ASUS', ip: '192.168.1.154'\nBuild info: version: '4.10.0', revision: 'c14d967899'\nSystem info: os.name: 'Windows 11', os.arch: 'amd64', os.version: '10.0', java.version: '11.0.17'\nDriver info: org.openqa.selenium.chrome.ChromeDriver\nCommand: [null, newSession {capabilities=[Capabilities {browserName: chrome, goog:chromeOptions: {args: [--remote-allow-origins=*], extensions: []}}]}]\r\n\tat org.openqa.selenium.remote.ProtocolHandshake.createSession(ProtocolHandshake.java:140)\r\n\tat org.openqa.selenium.remote.ProtocolHandshake.createSession(ProtocolHandshake.java:96)\r\n\tat org.openqa.selenium.remote.ProtocolHandshake.createSession(ProtocolHandshake.java:68)\r\n\tat org.openqa.selenium.remote.HttpCommandExecutor.execute(HttpCommandExecutor.java:163)\r\n\tat org.openqa.selenium.remote.service.DriverCommandExecutor.invokeExecute(DriverCommandExecutor.java:196)\r\n\tat org.openqa.selenium.remote.service.DriverCommandExecutor.execute(DriverCommandExecutor.java:171)\r\n\tat org.openqa.selenium.remote.RemoteWebDriver.execute(RemoteWebDriver.java:531)\r\n\tat org.openqa.selenium.remote.RemoteWebDriver.startSession(RemoteWebDriver.java:227)\r\n\tat org.openqa.selenium.remote.RemoteWebDriver.<init>(RemoteWebDriver.java:154)\r\n\tat org.openqa.selenium.chromium.ChromiumDriver.<init>(ChromiumDriver.java:107)\r\n\tat org.openqa.selenium.chrome.ChromeDriver.<init>(ChromeDriver.java:87)\r\n\tat org.openqa.selenium.chrome.ChromeDriver.<init>(ChromeDriver.java:82)\r\n\tat org.openqa.selenium.chrome.ChromeDriver.<init>(ChromeDriver.java:50)\r\n\tat utilities.Driver.getDriver(Driver.java:39)\r\n\tat stepdefinitions.CommonStepDefs.user_navigates_to(CommonStepDefs.java:22)\r\n\tat ✽.user navigates to \"https://www.google.com\"(file:///C:/Users/dzhey/IdeaProjects/mycucumberproject/./src/test/resources/features/day27_parameterizing_with_double_quote.feature:5)\r\n","duration":4631049700,"status":"failed"},"line":5,"name":"user navigates to \"https://www.google.com\"","match":{"arguments":[{"val":"\"https://www.google.com\"","offset":18}],"location":"stepdefinitions.CommonStepDefs.user_navigates_to(java.lang.String)"},"keyword":"Given "}]},{"start_timestamp":"2023-12-08T10:31:11.431Z","before":[{"result":{"duration":9087500,"status":"passed"},"match":{"location":"hooks.Hooks.setUpScenario()"}}],"line":29,"name":"TC05_nio_search","description":"","id":"search-feature;tc05-nio-search","after":[{"result":{"error_message":"org.openqa.selenium.SessionNotCreatedException: Could not start a new session. Response code 500. Message: session not created: This version of ChromeDriver only supports Chrome version 114\nCurrent browser version is 120.0.6099.71 with binary path C:\\Program Files\\Google\\Chrome\\Application\\chrome.exe \nHost info: host: 'BEKIRS_ASUS', ip: '192.168.1.154'\nBuild info: version: '4.10.0', revision: 'c14d967899'\nSystem info: os.name: 'Windows 11', os.arch: 'amd64', os.version: '10.0', java.version: '11.0.17'\nDriver info: org.openqa.selenium.chrome.ChromeDriver\nCommand: [null, newSession {capabilities=[Capabilities {browserName: chrome, goog:chromeOptions: {args: [--remote-allow-origins=*], extensions: []}}]}]\r\n\tat org.openqa.selenium.remote.ProtocolHandshake.createSession(ProtocolHandshake.java:140)\r\n\tat org.openqa.selenium.remote.ProtocolHandshake.createSession(ProtocolHandshake.java:96)\r\n\tat org.openqa.selenium.remote.ProtocolHandshake.createSession(ProtocolHandshake.java:68)\r\n\tat org.openqa.selenium.remote.HttpCommandExecutor.execute(HttpCommandExecutor.java:163)\r\n\tat org.openqa.selenium.remote.service.DriverCommandExecutor.invokeExecute(DriverCommandExecutor.java:196)\r\n\tat org.openqa.selenium.remote.service.DriverCommandExecutor.execute(DriverCommandExecutor.java:171)\r\n\tat org.openqa.selenium.remote.RemoteWebDriver.execute(RemoteWebDriver.java:531)\r\n\tat org.openqa.selenium.remote.RemoteWebDriver.startSession(RemoteWebDriver.java:227)\r\n\tat org.openqa.selenium.remote.RemoteWebDriver.<init>(RemoteWebDriver.java:154)\r\n\tat org.openqa.selenium.chromium.ChromiumDriver.<init>(ChromiumDriver.java:107)\r\n\tat org.openqa.selenium.chrome.ChromeDriver.<init>(ChromeDriver.java:87)\r\n\tat org.openqa.selenium.chrome.ChromeDriver.<init>(ChromeDriver.java:82)\r\n\tat org.openqa.selenium.chrome.ChromeDriver.<init>(ChromeDriver.java:50)\r\n\tat utilities.Driver.getDriver(Driver.java:39)\r\n\tat hooks.Hooks.tearDown(Hooks.java:22)\r\n","duration":4383276800,"status":"failed"},"match":{"location":"hooks.Hooks.tearDown(io.cucumber.java.Scenario)"}}],"type":"scenario","keyword":"Scenario","steps":[{"result":{"status":"skipped"},"line":30,"name":"user search for \"nio\"","match":{"arguments":[{"val":"\"nio\"","offset":16}],"location":"stepdefinitions.GoogleStepDefs.user_search_for(java.lang.String)"},"keyword":"And "},{"result":{"duration":1520600,"status":"skipped"},"line":31,"name":"verify the page title contains \"nio\"","match":{"arguments":[{"val":"\"nio\"","offset":31}],"location":"stepdefinitions.CommonStepDefs.verify_the_page_title_contains(java.lang.String)"},"keyword":"Then "},{"result":{"duration":1001300,"status":"skipped"},"line":32,"name":"close the application","match":{"location":"stepdefinitions.CommonStepDefs.close_the_application()"},"keyword":"Then "}],"tags":[{"name":"@parameterizing1"},{"name":"@test_runner"}]},{"line":4,"name":"user_goes_to_google","description":"","type":"background","keyword":"Background","steps":[{"result":{"error_message":"org.openqa.selenium.SessionNotCreatedException: Could not start a new session. Response code 500. Message: session not created: This version of ChromeDriver only supports Chrome version 114\nCurrent browser version is 120.0.6099.71 with binary path C:\\Program Files\\Google\\Chrome\\Application\\chrome.exe \nHost info: host: 'BEKIRS_ASUS', ip: '192.168.1.154'\nBuild info: version: '4.10.0', revision: 'c14d967899'\nSystem info: os.name: 'Windows 11', os.arch: 'amd64', os.version: '10.0', java.version: '11.0.17'\nDriver info: org.openqa.selenium.chrome.ChromeDriver\nCommand: [null, newSession {capabilities=[Capabilities {browserName: chrome, goog:chromeOptions: {args: [--remote-allow-origins=*], extensions: []}}]}]\r\n\tat org.openqa.selenium.remote.ProtocolHandshake.createSession(ProtocolHandshake.java:140)\r\n\tat org.openqa.selenium.remote.ProtocolHandshake.createSession(ProtocolHandshake.java:96)\r\n\tat org.openqa.selenium.remote.ProtocolHandshake.createSession(ProtocolHandshake.java:68)\r\n\tat org.openqa.selenium.remote.HttpCommandExecutor.execute(HttpCommandExecutor.java:163)\r\n\tat org.openqa.selenium.remote.service.DriverCommandExecutor.invokeExecute(DriverCommandExecutor.java:196)\r\n\tat org.openqa.selenium.remote.service.DriverCommandExecutor.execute(DriverCommandExecutor.java:171)\r\n\tat org.openqa.selenium.remote.RemoteWebDriver.execute(RemoteWebDriver.java:531)\r\n\tat org.openqa.selenium.remote.RemoteWebDriver.startSession(RemoteWebDriver.java:227)\r\n\tat org.openqa.selenium.remote.RemoteWebDriver.<init>(RemoteWebDriver.java:154)\r\n\tat org.openqa.selenium.chromium.ChromiumDriver.<init>(ChromiumDriver.java:107)\r\n\tat org.openqa.selenium.chrome.ChromeDriver.<init>(ChromeDriver.java:87)\r\n\tat org.openqa.selenium.chrome.ChromeDriver.<init>(ChromeDriver.java:82)\r\n\tat org.openqa.selenium.chrome.ChromeDriver.<init>(ChromeDriver.java:50)\r\n\tat utilities.Driver.getDriver(Driver.java:39)\r\n\tat stepdefinitions.CommonStepDefs.user_navigates_to(CommonStepDefs.java:22)\r\n\tat ✽.user navigates to \"https://www.google.com\"(file:///C:/Users/dzhey/IdeaProjects/mycucumberproject/./src/test/resources/features/day27_parameterizing_with_double_quote.feature:5)\r\n","duration":4300386500,"status":"failed"},"line":5,"name":"user navigates to \"https://www.google.com\"","match":{"arguments":[{"val":"\"https://www.google.com\"","offset":18}],"location":"stepdefinitions.CommonStepDefs.user_navigates_to(java.lang.String)"},"keyword":"Given "}]},{"start_timestamp":"2023-12-08T10:31:20.565Z","before":[{"result":{"status":"passed"},"match":{"location":"hooks.Hooks.setUpScenario()"}}],"line":34,"name":"TC06_pineapple_search","description":"","id":"search-feature;tc06-pineapple-search","after":[{"result":{"error_message":"org.openqa.selenium.SessionNotCreatedException: Could not start a new session. Response code 500. Message: session not created: This version of ChromeDriver only supports Chrome version 114\nCurrent browser version is 120.0.6099.71 with binary path C:\\Program Files\\Google\\Chrome\\Application\\chrome.exe \nHost info: host: 'BEKIRS_ASUS', ip: '192.168.1.154'\nBuild info: version: '4.10.0', revision: 'c14d967899'\nSystem info: os.name: 'Windows 11', os.arch: 'amd64', os.version: '10.0', java.version: '11.0.17'\nDriver info: org.openqa.selenium.chrome.ChromeDriver\nCommand: [null, newSession {capabilities=[Capabilities {browserName: chrome, goog:chromeOptions: {args: [--remote-allow-origins=*], extensions: []}}]}]\r\n\tat org.openqa.selenium.remote.ProtocolHandshake.createSession(ProtocolHandshake.java:140)\r\n\tat org.openqa.selenium.remote.ProtocolHandshake.createSession(ProtocolHandshake.java:96)\r\n\tat org.openqa.selenium.remote.ProtocolHandshake.createSession(ProtocolHandshake.java:68)\r\n\tat org.openqa.selenium.remote.HttpCommandExecutor.execute(HttpCommandExecutor.java:163)\r\n\tat org.openqa.selenium.remote.service.DriverCommandExecutor.invokeExecute(DriverCommandExecutor.java:196)\r\n\tat org.openqa.selenium.remote.service.DriverCommandExecutor.execute(DriverCommandExecutor.java:171)\r\n\tat org.openqa.selenium.remote.RemoteWebDriver.execute(RemoteWebDriver.java:531)\r\n\tat org.openqa.selenium.remote.RemoteWebDriver.startSession(RemoteWebDriver.java:227)\r\n\tat org.openqa.selenium.remote.RemoteWebDriver.<init>(RemoteWebDriver.java:154)\r\n\tat org.openqa.selenium.chromium.ChromiumDriver.<init>(ChromiumDriver.java:107)\r\n\tat org.openqa.selenium.chrome.ChromeDriver.<init>(ChromeDriver.java:87)\r\n\tat org.openqa.selenium.chrome.ChromeDriver.<init>(ChromeDriver.java:82)\r\n\tat org.openqa.selenium.chrome.ChromeDriver.<init>(ChromeDriver.java:50)\r\n\tat utilities.Driver.getDriver(Driver.java:39)\r\n\tat hooks.Hooks.tearDown(Hooks.java:22)\r\n","duration":5669158600,"status":"failed"},"match":{"location":"hooks.Hooks.tearDown(io.cucumber.java.Scenario)"}}],"type":"scenario","keyword":"Scenario","steps":[{"result":{"duration":1993500,"status":"skipped"},"line":35,"name":"user search for \"pine apple\"","match":{"arguments":[{"val":"\"pine apple\"","offset":16}],"location":"stepdefinitions.GoogleStepDefs.user_search_for(java.lang.String)"},"keyword":"And "},{"result":{"status":"skipped"},"line":36,"name":"verify the page title contains \"pine apple\"","match":{"arguments":[{"val":"\"pine apple\"","offset":31}],"location":"stepdefinitions.CommonStepDefs.verify_the_page_title_contains(java.lang.String)"},"keyword":"Then "},{"result":{"status":"skipped"},"line":37,"name":"close the application","match":{"location":"stepdefinitions.CommonStepDefs.close_the_application()"},"keyword":"Then "}],"tags":[{"name":"@parameterizing1"},{"name":"@test_runner"}]}],"name":"search_feature","description":"","id":"search-feature","keyword":"Feature","uri":"file:src/test/resources/features/day27_parameterizing_with_double_quote.feature","tags":[{"name":"@parameterizing1","type":"Tag","location":{"line":1,"column":1}},{"name":"@test_runner","type":"Tag","location":{"line":1,"column":18}}]}]